<?xml version="1.0" encoding="utf-8"?><testsuites name="pytest tests"><testsuite name="pytest" errors="0" failures="0" skipped="0" tests="12" time="0.637" timestamp="2026-03-30T23:10:17.744565+00:00" hostname="agent-env-22a75a5d-3c58-4808-9a93-409466fe8eb5"><testcase classname="test_reports.pytest.test_purchase_tracker.TestStageTotalsAPI" name="test_get_stage_totals_success" time="0.022" /><testcase classname="test_reports.pytest.test_purchase_tracker.TestCustomerStageTotalsAPI" name="test_get_customer_stage_totals_proj001" time="0.051" /><testcase classname="test_reports.pytest.test_purchase_tracker.TestCustomerStageTotalsAPI" name="test_get_customer_stage_totals_proj002" time="0.025" /><testcase classname="test_reports.pytest.test_purchase_tracker.TestCustomerStageTotalsAPI" name="test_get_customer_stage_totals_nonexistent" time="0.026" /><testcase classname="test_reports.pytest.test_purchase_tracker.TestMoveStageAPI" name="test_move_stage_invalid_line" time="0.067" /><testcase classname="test_reports.pytest.test_purchase_tracker.TestMoveStageAPI" name="test_move_stage_illegal_transition" time="0.069" /><testcase classname="test_reports.pytest.test_purchase_tracker.TestMoveStageAPI" name="test_move_stage_insufficient_qty" time="0.023" /><testcase classname="test_reports.pytest.test_purchase_tracker.TestMoveStageAPI" name="test_move_stage_invalid_qty_zero" time="0.070" /><testcase classname="test_reports.pytest.test_purchase_tracker.TestMoveStageAPI" name="test_move_stage_missing_fields" time="0.030" /><testcase classname="test_reports.pytest.test_purchase_tracker.TestMoveStageAPI" name="test_move_stage_success_and_verify" time="0.086" /><testcase classname="test_reports.pytest.test_purchase_tracker.TestAPIValidation" name="test_stage_totals_with_brand_filter" time="0.025" /><testcase classname="test_reports.pytest.test_purchase_tracker.TestAPIValidation" name="test_stage_totals_with_vendor_filter" time="0.069" /></testsuite></testsuites>